<?xml version="1.0" encoding="UTF-8"?>
<!-- Generated by org.testng.reporters.JUnitXMLReporter -->
<testsuite ignored="0" hostname="Sriram" failures="0" tests="10" name="Default test" time="22.882" errors="0" timestamp="2024-01-14T13:53:25 IST">
  <testcase classname="com.test.DDTestClass" name="testPostUser" time="3.568"/>
  <testcase classname="com.test.DDTestClass" name="testPostUser" time="1.97"/>
  <testcase classname="com.test.DDTestClass" name="testPostUser" time="1.737"/>
  <testcase classname="com.test.DDTestClass" name="testPostUser" time="2.038"/>
  <testcase classname="com.test.DDTestClass" name="testPostUser" time="1.734"/>
  <testcase classname="com.test.DDTestClass" name="testDeleteUser" time="2.133"/>
  <testcase classname="com.test.DDTestClass" name="testDeleteUser" time="2.044"/>
  <testcase classname="com.test.DDTestClass" name="testDeleteUser" time="1.535"/>
  <testcase classname="com.test.DDTestClass" name="testDeleteUser" time="2.04"/>
  <testcase classname="com.test.DDTestClass" name="testDeleteUser" time="2.046"/>
</testsuite> <!-- Default test -->
