<?xml version="1.0" encoding="UTF-8"?>
<testng-results ignored="0" total="10" passed="10" failed="0" skipped="0">
  <reporter-output>
  </reporter-output>
  <suite started-at="2024-01-14T13:53:02 IST" name="Default suite" finished-at="2024-01-14T13:53:25 IST" duration-ms="22882">
    <groups>
    </groups>
    <test started-at="2024-01-14T13:53:02 IST" name="Default test" finished-at="2024-01-14T13:53:25 IST" duration-ms="22882">
      <class name="com.test.DDTestClass">
        <test-method is-config="true" signature="setupTest()[pri:0, instance:com.test.DDTestClass@4d5650ae]" started-at="2024-01-14T13:53:04 IST" name="setupTest" finished-at="2024-01-14T13:53:04 IST" duration-ms="26" status="PASS">
          <reporter-output>
          </reporter-output>
        </test-method> <!-- setupTest -->
        <test-method signature="testPostUser(java.lang.String,java.lang.String,java.lang.String,java.lang.String,java.lang.String,java.lang.String,java.lang.String)[pri:1, instance:com.test.DDTestClass@4d5650ae]" started-at="2024-01-14T13:53:04 IST" name="testPostUser" data-provider="AllDataMethod" finished-at="2024-01-14T13:53:08 IST" duration-ms="3568" status="PASS">
          <params>
            <param index="0">
              <value>
                <![CDATA[1010]]>
              </value>
            </param>
            <param index="1">
              <value>
                <![CDATA[testuser1]]>
              </value>
            </param>
            <param index="2">
              <value>
                <![CDATA[Nick]]>
              </value>
            </param>
            <param index="3">
              <value>
                <![CDATA[Ken]]>
              </value>
            </param>
            <param index="4">
              <value>
                <![CDATA[nickken@gmail.com]]>
              </value>
            </param>
            <param index="5">
              <value>
                <![CDATA[Nickken@123]]>
              </value>
            </param>
            <param index="6">
              <value>
                <![CDATA[12334343434]]>
              </value>
            </param>
          </params>
          <reporter-output>
          </reporter-output>
        </test-method> <!-- testPostUser -->
        <test-method is-config="true" signature="tearDownTest()[pri:0, instance:com.test.DDTestClass@4d5650ae]" started-at="2024-01-14T13:53:08 IST" name="tearDownTest" finished-at="2024-01-14T13:53:08 IST" duration-ms="6" status="PASS">
          <reporter-output>
          </reporter-output>
        </test-method> <!-- tearDownTest -->
        <test-method is-config="true" signature="setupTest()[pri:0, instance:com.test.DDTestClass@4d5650ae]" started-at="2024-01-14T13:53:08 IST" name="setupTest" finished-at="2024-01-14T13:53:08 IST" duration-ms="1" status="PASS">
          <reporter-output>
          </reporter-output>
        </test-method> <!-- setupTest -->
        <test-method signature="testPostUser(java.lang.String,java.lang.String,java.lang.String,java.lang.String,java.lang.String,java.lang.String,java.lang.String)[pri:1, instance:com.test.DDTestClass@4d5650ae]" started-at="2024-01-14T13:53:08 IST" name="testPostUser" data-provider="AllDataMethod" finished-at="2024-01-14T13:53:10 IST" duration-ms="1970" status="PASS">
          <params>
            <param index="0">
              <value>
                <![CDATA[1011]]>
              </value>
            </param>
            <param index="1">
              <value>
                <![CDATA[testuser2]]>
              </value>
            </param>
            <param index="2">
              <value>
                <![CDATA[Kevin]]>
              </value>
            </param>
            <param index="3">
              <value>
                <![CDATA[Harty]]>
              </value>
            </param>
            <param index="4">
              <value>
                <![CDATA[kevinharty@gmail.com]]>
              </value>
            </param>
            <param index="5">
              <value>
                <![CDATA[Kevinharty@234]]>
              </value>
            </param>
            <param index="6">
              <value>
                <![CDATA[12334343435]]>
              </value>
            </param>
          </params>
          <reporter-output>
          </reporter-output>
        </test-method> <!-- testPostUser -->
        <test-method is-config="true" signature="tearDownTest()[pri:0, instance:com.test.DDTestClass@4d5650ae]" started-at="2024-01-14T13:53:10 IST" name="tearDownTest" finished-at="2024-01-14T13:53:10 IST" duration-ms="0" status="PASS">
          <reporter-output>
          </reporter-output>
        </test-method> <!-- tearDownTest -->
        <test-method is-config="true" signature="setupTest()[pri:0, instance:com.test.DDTestClass@4d5650ae]" started-at="2024-01-14T13:53:10 IST" name="setupTest" finished-at="2024-01-14T13:53:10 IST" duration-ms="1" status="PASS">
          <reporter-output>
          </reporter-output>
        </test-method> <!-- setupTest -->
        <test-method signature="testPostUser(java.lang.String,java.lang.String,java.lang.String,java.lang.String,java.lang.String,java.lang.String,java.lang.String)[pri:1, instance:com.test.DDTestClass@4d5650ae]" started-at="2024-01-14T13:53:10 IST" name="testPostUser" data-provider="AllDataMethod" finished-at="2024-01-14T13:53:11 IST" duration-ms="1737" status="PASS">
          <params>
            <param index="0">
              <value>
                <![CDATA[1012]]>
              </value>
            </param>
            <param index="1">
              <value>
                <![CDATA[testuser3]]>
              </value>
            </param>
            <param index="2">
              <value>
                <![CDATA[Henry]]>
              </value>
            </param>
            <param index="3">
              <value>
                <![CDATA[Thomas]]>
              </value>
            </param>
            <param index="4">
              <value>
                <![CDATA[henrythomas@gmail.com]]>
              </value>
            </param>
            <param index="5">
              <value>
                <![CDATA[Henrythomas@345]]>
              </value>
            </param>
            <param index="6">
              <value>
                <![CDATA[12334343436]]>
              </value>
            </param>
          </params>
          <reporter-output>
          </reporter-output>
        </test-method> <!-- testPostUser -->
        <test-method is-config="true" signature="tearDownTest()[pri:0, instance:com.test.DDTestClass@4d5650ae]" started-at="2024-01-14T13:53:11 IST" name="tearDownTest" finished-at="2024-01-14T13:53:11 IST" duration-ms="1" status="PASS">
          <reporter-output>
          </reporter-output>
        </test-method> <!-- tearDownTest -->
        <test-method is-config="true" signature="setupTest()[pri:0, instance:com.test.DDTestClass@4d5650ae]" started-at="2024-01-14T13:53:11 IST" name="setupTest" finished-at="2024-01-14T13:53:11 IST" duration-ms="2" status="PASS">
          <reporter-output>
          </reporter-output>
        </test-method> <!-- setupTest -->
        <test-method signature="testPostUser(java.lang.String,java.lang.String,java.lang.String,java.lang.String,java.lang.String,java.lang.String,java.lang.String)[pri:1, instance:com.test.DDTestClass@4d5650ae]" started-at="2024-01-14T13:53:11 IST" name="testPostUser" data-provider="AllDataMethod" finished-at="2024-01-14T13:53:13 IST" duration-ms="2038" status="PASS">
          <params>
            <param index="0">
              <value>
                <![CDATA[1013]]>
              </value>
            </param>
            <param index="1">
              <value>
                <![CDATA[testuser4]]>
              </value>
            </param>
            <param index="2">
              <value>
                <![CDATA[Iskov]]>
              </value>
            </param>
            <param index="3">
              <value>
                <![CDATA[Martin]]>
              </value>
            </param>
            <param index="4">
              <value>
                <![CDATA[iskovmartin@gmail.com]]>
              </value>
            </param>
            <param index="5">
              <value>
                <![CDATA[Iskovmartin@456]]>
              </value>
            </param>
            <param index="6">
              <value>
                <![CDATA[12334343437]]>
              </value>
            </param>
          </params>
          <reporter-output>
          </reporter-output>
        </test-method> <!-- testPostUser -->
        <test-method is-config="true" signature="tearDownTest()[pri:0, instance:com.test.DDTestClass@4d5650ae]" started-at="2024-01-14T13:53:13 IST" name="tearDownTest" finished-at="2024-01-14T13:53:13 IST" duration-ms="0" status="PASS">
          <reporter-output>
          </reporter-output>
        </test-method> <!-- tearDownTest -->
        <test-method is-config="true" signature="setupTest()[pri:0, instance:com.test.DDTestClass@4d5650ae]" started-at="2024-01-14T13:53:13 IST" name="setupTest" finished-at="2024-01-14T13:53:13 IST" duration-ms="1" status="PASS">
          <reporter-output>
          </reporter-output>
        </test-method> <!-- setupTest -->
        <test-method signature="testPostUser(java.lang.String,java.lang.String,java.lang.String,java.lang.String,java.lang.String,java.lang.String,java.lang.String)[pri:1, instance:com.test.DDTestClass@4d5650ae]" started-at="2024-01-14T13:53:13 IST" name="testPostUser" data-provider="AllDataMethod" finished-at="2024-01-14T13:53:15 IST" duration-ms="1734" status="PASS">
          <params>
            <param index="0">
              <value>
                <![CDATA[1014]]>
              </value>
            </param>
            <param index="1">
              <value>
                <![CDATA[testuser5]]>
              </value>
            </param>
            <param index="2">
              <value>
                <![CDATA[Suhail]]>
              </value>
            </param>
            <param index="3">
              <value>
                <![CDATA[Mustaq]]>
              </value>
            </param>
            <param index="4">
              <value>
                <![CDATA[suhailmustaq@gmail.com]]>
              </value>
            </param>
            <param index="5">
              <value>
                <![CDATA[Suhailmustaq@567]]>
              </value>
            </param>
            <param index="6">
              <value>
                <![CDATA[12334343438]]>
              </value>
            </param>
          </params>
          <reporter-output>
          </reporter-output>
        </test-method> <!-- testPostUser -->
        <test-method is-config="true" signature="tearDownTest()[pri:0, instance:com.test.DDTestClass@4d5650ae]" started-at="2024-01-14T13:53:15 IST" name="tearDownTest" finished-at="2024-01-14T13:53:15 IST" duration-ms="1" status="PASS">
          <reporter-output>
          </reporter-output>
        </test-method> <!-- tearDownTest -->
        <test-method signature="testDeleteUser(java.lang.String)[pri:2, instance:com.test.DDTestClass@4d5650ae]" started-at="2024-01-14T13:53:15 IST" name="testDeleteUser" data-provider="UsernameMethod" finished-at="2024-01-14T13:53:17 IST" duration-ms="2133" status="PASS">
          <params>
            <param index="0">
              <value>
                <![CDATA[testuser1]]>
              </value>
            </param>
          </params>
          <reporter-output>
          </reporter-output>
        </test-method> <!-- testDeleteUser -->
        <test-method is-config="true" signature="setupTest()[pri:0, instance:com.test.DDTestClass@4d5650ae]" started-at="2024-01-14T13:53:15 IST" name="setupTest" finished-at="2024-01-14T13:53:15 IST" duration-ms="0" status="PASS">
          <reporter-output>
          </reporter-output>
        </test-method> <!-- setupTest -->
        <test-method is-config="true" signature="tearDownTest()[pri:0, instance:com.test.DDTestClass@4d5650ae]" started-at="2024-01-14T13:53:17 IST" name="tearDownTest" finished-at="2024-01-14T13:53:17 IST" duration-ms="0" status="PASS">
          <reporter-output>
          </reporter-output>
        </test-method> <!-- tearDownTest -->
        <test-method signature="testDeleteUser(java.lang.String)[pri:2, instance:com.test.DDTestClass@4d5650ae]" started-at="2024-01-14T13:53:17 IST" name="testDeleteUser" data-provider="UsernameMethod" finished-at="2024-01-14T13:53:19 IST" duration-ms="2044" status="PASS">
          <params>
            <param index="0">
              <value>
                <![CDATA[testuser2]]>
              </value>
            </param>
          </params>
          <reporter-output>
          </reporter-output>
        </test-method> <!-- testDeleteUser -->
        <test-method is-config="true" signature="setupTest()[pri:0, instance:com.test.DDTestClass@4d5650ae]" started-at="2024-01-14T13:53:17 IST" name="setupTest" finished-at="2024-01-14T13:53:17 IST" duration-ms="0" status="PASS">
          <reporter-output>
          </reporter-output>
        </test-method> <!-- setupTest -->
        <test-method is-config="true" signature="tearDownTest()[pri:0, instance:com.test.DDTestClass@4d5650ae]" started-at="2024-01-14T13:53:19 IST" name="tearDownTest" finished-at="2024-01-14T13:53:19 IST" duration-ms="1" status="PASS">
          <reporter-output>
          </reporter-output>
        </test-method> <!-- tearDownTest -->
        <test-method is-config="true" signature="setupTest()[pri:0, instance:com.test.DDTestClass@4d5650ae]" started-at="2024-01-14T13:53:19 IST" name="setupTest" finished-at="2024-01-14T13:53:19 IST" duration-ms="1" status="PASS">
          <reporter-output>
          </reporter-output>
        </test-method> <!-- setupTest -->
        <test-method signature="testDeleteUser(java.lang.String)[pri:2, instance:com.test.DDTestClass@4d5650ae]" started-at="2024-01-14T13:53:19 IST" name="testDeleteUser" data-provider="UsernameMethod" finished-at="2024-01-14T13:53:21 IST" duration-ms="1535" status="PASS">
          <params>
            <param index="0">
              <value>
                <![CDATA[testuser3]]>
              </value>
            </param>
          </params>
          <reporter-output>
          </reporter-output>
        </test-method> <!-- testDeleteUser -->
        <test-method is-config="true" signature="tearDownTest()[pri:0, instance:com.test.DDTestClass@4d5650ae]" started-at="2024-01-14T13:53:21 IST" name="tearDownTest" finished-at="2024-01-14T13:53:21 IST" duration-ms="0" status="PASS">
          <reporter-output>
          </reporter-output>
        </test-method> <!-- tearDownTest -->
        <test-method is-config="true" signature="setupTest()[pri:0, instance:com.test.DDTestClass@4d5650ae]" started-at="2024-01-14T13:53:21 IST" name="setupTest" finished-at="2024-01-14T13:53:21 IST" duration-ms="1" status="PASS">
          <reporter-output>
          </reporter-output>
        </test-method> <!-- setupTest -->
        <test-method signature="testDeleteUser(java.lang.String)[pri:2, instance:com.test.DDTestClass@4d5650ae]" started-at="2024-01-14T13:53:21 IST" name="testDeleteUser" data-provider="UsernameMethod" finished-at="2024-01-14T13:53:23 IST" duration-ms="2040" status="PASS">
          <params>
            <param index="0">
              <value>
                <![CDATA[testuser4]]>
              </value>
            </param>
          </params>
          <reporter-output>
          </reporter-output>
        </test-method> <!-- testDeleteUser -->
        <test-method is-config="true" signature="tearDownTest()[pri:0, instance:com.test.DDTestClass@4d5650ae]" started-at="2024-01-14T13:53:23 IST" name="tearDownTest" finished-at="2024-01-14T13:53:23 IST" duration-ms="0" status="PASS">
          <reporter-output>
          </reporter-output>
        </test-method> <!-- tearDownTest -->
        <test-method is-config="true" signature="setupTest()[pri:0, instance:com.test.DDTestClass@4d5650ae]" started-at="2024-01-14T13:53:23 IST" name="setupTest" finished-at="2024-01-14T13:53:23 IST" duration-ms="1" status="PASS">
          <reporter-output>
          </reporter-output>
        </test-method> <!-- setupTest -->
        <test-method signature="testDeleteUser(java.lang.String)[pri:2, instance:com.test.DDTestClass@4d5650ae]" started-at="2024-01-14T13:53:23 IST" name="testDeleteUser" data-provider="UsernameMethod" finished-at="2024-01-14T13:53:25 IST" duration-ms="2046" status="PASS">
          <params>
            <param index="0">
              <value>
                <![CDATA[testuser5]]>
              </value>
            </param>
          </params>
          <reporter-output>
          </reporter-output>
        </test-method> <!-- testDeleteUser -->
        <test-method is-config="true" signature="tearDownTest()[pri:0, instance:com.test.DDTestClass@4d5650ae]" started-at="2024-01-14T13:53:25 IST" name="tearDownTest" finished-at="2024-01-14T13:53:25 IST" duration-ms="1" status="PASS">
          <reporter-output>
          </reporter-output>
        </test-method> <!-- tearDownTest -->
      </class> <!-- com.test.DDTestClass -->
    </test> <!-- Default test -->
  </suite> <!-- Default suite -->
</testng-results>
