<?xml version="1.0" encoding="UTF-8"?>
<!-- Generated by org.testng.reporters.JUnitXMLReporter -->
<testsuite ignored="0" hostname="Sriram" failures="2" tests="10" name="Test" time="16.64" errors="0" timestamp="2024-01-12T13:45:03 IST">
  <testcase classname="com.test.DDTestClass" name="testPostUser" time="3.283"/>
  <testcase classname="com.test.DDTestClass" name="testPostUser" time="1.141"/>
  <testcase classname="com.test.DDTestClass" name="testPostUser" time="1.209"/>
  <testcase classname="com.test.DDTestClass" name="testPostUser" time="1.16"/>
  <testcase classname="com.test.DDTestClass" name="testPostUser" time="1.139"/>
  <testcase classname="com.test.DDTestClass" name="testDeleteUser" time="1.291"/>
  <testcase classname="com.test.DDTestClass" name="testDeleteUser" time="1.236"/>
  <testcase classname="com.test.DDTestClass" name="testDeleteUser" time="1.161"/>
  <testcase classname="com.test.DDTestClass" name="testDeleteUser" time="1.236">
    <failure type="java.lang.AssertionError" message="expected [200] but found [404]">
      <![CDATA[java.lang.AssertionError: expected [200] but found [404]
at com.test.DDTestClass.testDeleteUser(DDTestClass.java:47)
at java.base/java.util.ArrayList.forEach(ArrayList.java:1511)
... Removed 33 stack frames]]>
    </failure>
  </testcase> <!-- testDeleteUser -->
  <testcase classname="com.test.DDTestClass" name="testDeleteUser" time="1.106">
    <failure type="java.lang.AssertionError" message="expected [200] but found [404]">
      <![CDATA[java.lang.AssertionError: expected [200] but found [404]
at com.test.DDTestClass.testDeleteUser(DDTestClass.java:47)
at java.base/java.util.ArrayList.forEach(ArrayList.java:1511)
... Removed 33 stack frames]]>
    </failure>
  </testcase> <!-- testDeleteUser -->
</testsuite> <!-- Test -->
